<?xml version="1.0" encoding="UTF-8"?>
<testsuite xmlns:xsi="http://www.w3.org/2001/XMLSchema-instance" xsi:noNamespaceSchemaLocation="https://maven.apache.org/surefire/maven-surefire-plugin/xsd/surefire-test-report.xsd" version="3.0.2" name="com.hospital.management.patientservice.PatientApplicationTests" time="12.286" tests="1" errors="0" skipped="0" failures="0">
  <properties>
[...]
</properties>
  <testcase name="contextLoads" classname="com.hospital.management.patientservice.PatientApplicationTests" time="1.211">
    <system-out><![CDATA[12:12:20.897 [main] INFO org.springframework.test.context.support.AnnotationConfigContextLoaderUtils -- Could not detect default configuration classes for test class [com.hospital.management.patientservice.PatientApplicationTests]: PatientApplicationTests does not declare any static, non-private, non-final, nested classes annotated with @Configuration.
12:12:21.123 [main] INFO org.springframework.boot.test.context.SpringBootTestContextBootstrapper -- Found @SpringBootConfiguration com.hospital.management.patientservice.PatientApplication for test class com.hospital.management.patientservice.PatientApplicationTests
12:12:21.743 [main] INFO org.springframework.boot.devtools.restart.RestartApplicationListener -- Restart disabled due to context in which it is running

  .   ____          _            __ _ _
 /\\ / ___'_ __ _ _(_)_ __  __ _ \ \ \ \
( ( )\___ | '_ | '_| | '_ \/ _` | \ \ \ \
 \\/  ___)| |_)| | | | | || (_| |  ) ) ) )
  '  |____| .__|_| |_|_| |_\__, | / / / /
 =========|_|==============|___/=/_/_/_/

 :: Spring Boot ::                (v3.4.0)

2026-04-09T12:12:22.459+05:30  INFO 23048 --- [patient-service] [           main] c.h.m.p.PatientApplicationTests          : Starting PatientApplicationTests using Java 21 with PID 23048 (started by 2486145 in C:\Project CTS\hospital-management-system\patient-service)
2026-04-09T12:12:22.461+05:30  INFO 23048 --- [patient-service] [           main] c.h.m.p.PatientApplicationTests          : No active profile set, falling back to 1 default profile: "default"
2026-04-09T12:12:24.448+05:30  INFO 23048 --- [patient-service] [           main] .s.d.r.c.RepositoryConfigurationDelegate : Bootstrapping Spring Data JPA repositories in DEFAULT mode.
2026-04-09T12:12:24.714+05:30  INFO 23048 --- [patient-service] [           main] .s.d.r.c.RepositoryConfigurationDelegate : Finished Spring Data repository scanning in 234 ms. Found 1 JPA repository interface.
2026-04-09T12:12:25.336+05:30  INFO 23048 --- [patient-service] [           main] o.s.cloud.context.scope.GenericScope     : BeanFactory id=b8a2a49b-0ea7-3910-9581-e5d4d2466728
2026-04-09T12:12:26.155+05:30  INFO 23048 --- [patient-service] [           main] o.hibernate.jpa.internal.util.LogHelper  : HHH000204: Processing PersistenceUnitInfo [name: default]
2026-04-09T12:12:26.340+05:30  INFO 23048 --- [patient-service] [           main] org.hibernate.Version                    : HHH000412: Hibernate ORM core version 6.6.2.Final
2026-04-09T12:12:26.448+05:30  INFO 23048 --- [patient-service] [           main] o.h.c.internal.RegionFactoryInitiator    : HHH000026: Second-level cache disabled
2026-04-09T12:12:26.700+05:30 DEBUG 23048 --- [patient-service] [           main] org.hibernate.type.BasicTypeRegistry     : Adding type registration boolean -> org.hibernate.type.BasicTypeReference@51132514
2026-04-09T12:12:26.703+05:30 DEBUG 23048 --- [patient-service] [           main] org.hibernate.type.BasicTypeRegistry     : Adding type registration boolean -> org.hibernate.type.BasicTypeReference@51132514
2026-04-09T12:12:26.703+05:30 DEBUG 23048 --- [patient-service] [           main] org.hibernate.type.BasicTypeRegistry     : Adding type registration java.lang.Boolean -> org.hibernate.type.BasicTypeReference@51132514
2026-04-09T12:12:26.703+05:30 DEBUG 23048 --- [patient-service] [           main] org.hibernate.type.BasicTypeRegistry     : Adding type registration numeric_boolean -> org.hibernate.type.BasicTypeReference@20864cd1
2026-04-09T12:12:26.703+05:30 DEBUG 23048 --- [patient-service] [           main] org.hibernate.type.BasicTypeRegistry     : Adding type registration org.hibernate.type.NumericBooleanConverter -> org.hibernate.type.BasicTypeReference@20864cd1
2026-04-09T12:12:26.703+05:30 DEBUG 23048 --- [patient-service] [           main] org.hibernate.type.BasicTypeRegistry     : Adding type registration true_false -> org.hibernate.type.BasicTypeReference@5c839677
2026-04-09T12:12:26.703+05:30 DEBUG 23048 --- [patient-service] [           main] org.hibernate.type.BasicTypeRegistry     : Adding type registration org.hibernate.type.TrueFalseConverter -> org.hibernate.type.BasicTypeReference@5c839677
2026-04-09T12:12:26.703+05:30 DEBUG 23048 --- [patient-service] [           main] org.hibernate.type.BasicTypeRegistry     : Adding type registration yes_no -> org.hibernate.type.BasicTypeReference@3193e21d
2026-04-09T12:12:26.703+05:30 DEBUG 23048 --- [patient-service] [           main] org.hibernate.type.BasicTypeRegistry     : Adding type registration org.hibernate.type.YesNoConverter -> org.hibernate.type.BasicTypeReference@3193e21d
2026-04-09T12:12:26.703+05:30 DEBUG 23048 --- [patient-service] [           main] org.hibernate.type.BasicTypeRegistry     : Adding type registration byte -> org.hibernate.type.BasicTypeReference@79604abe
2026-04-09T12:12:26.703+05:30 DEBUG 23048 --- [patient-service] [           main] org.hibernate.type.BasicTypeRegistry     : Adding type registration byte -> org.hibernate.type.BasicTypeReference@79604abe
2026-04-09T12:12:26.703+05:30 DEBUG 23048 --- [patient-service] [           main] org.hibernate.type.BasicTypeRegistry     : Adding type registration java.lang.Byte -> org.hibernate.type.BasicTypeReference@79604abe
2026-04-09T12:12:26.704+05:30 DEBUG 23048 --- [patient-service] [           main] org.hibernate.type.BasicTypeRegistry     : Adding type registration binary -> org.hibernate.type.BasicTypeReference@6b126187
2026-04-09T12:12:26.704+05:30 DEBUG 23048 --- [patient-service] [           main] org.hibernate.type.BasicTypeRegistry     : Adding type registration byte[] -> org.hibernate.type.BasicTypeReference@6b126187
2026-04-09T12:12:26.704+05:30 DEBUG 23048 --- [patient-service] [           main] org.hibernate.type.BasicTypeRegistry     : Adding type registration [B -> org.hibernate.type.BasicTypeReference@6b126187
2026-04-09T12:12:26.704+05:30 DEBUG 23048 --- [patient-service] [           main] org.hibernate.type.BasicTypeRegistry     : Adding type registration binary_wrapper -> org.hibernate.type.BasicTypeReference@2b6262bc
2026-04-09T12:12:26.704+05:30 DEBUG 23048 --- [patient-service] [           main] org.hibernate.type.BasicTypeRegistry     : Adding type registration wrapper-binary -> org.hibernate.type.BasicTypeReference@2b6262bc
2026-04-09T12:12:26.704+05:30 DEBUG 23048 --- [patient-service] [           main] org.hibernate.type.BasicTypeRegistry     : Adding type registration image -> org.hibernate.type.BasicTypeReference@5cffec7
2026-04-09T12:12:26.704+05:30 DEBUG 23048 --- [patient-service] [           main] org.hibernate.type.BasicTypeRegistry     : Adding type registration blob -> org.hibernate.type.BasicTypeReference@7e81617a
2026-04-09T12:12:26.704+05:30 DEBUG 23048 --- [patient-service] [           main] org.hibernate.type.BasicTypeRegistry     : Adding type registration java.sql.Blob -> org.hibernate.type.BasicTypeReference@7e81617a
2026-04-09T12:12:26.704+05:30 DEBUG 23048 --- [patient-service] [           main] org.hibernate.type.BasicTypeRegistry     : Adding type registration materialized_blob -> org.hibernate.type.BasicTypeReference@6e73974
2026-04-09T12:12:26.704+05:30 DEBUG 23048 --- [patient-service] [           main] org.hibernate.type.BasicTypeRegistry     : Adding type registration materialized_blob_wrapper -> org.hibernate.type.BasicTypeReference@3e28dc96
2026-04-09T12:12:26.706+05:30 DEBUG 23048 --- [patient-service] [           main] org.hibernate.type.BasicTypeRegistry     : Adding type registration short -> org.hibernate.type.BasicTypeReference@44eb2452
2026-04-09T12:12:26.706+05:30 DEBUG 23048 --- [patient-service] [           main] org.hibernate.type.BasicTypeRegistry     : Adding type registration short -> org.hibernate.type.BasicTypeReference@44eb2452
2026-04-09T12:12:26.706+05:30 DEBUG 23048 --- [patient-service] [           main] org.hibernate.type.BasicTypeRegistry     : Adding type registration java.lang.Short -> org.hibernate.type.BasicTypeReference@44eb2452
2026-04-09T12:12:26.706+05:30 DEBUG 23048 --- [patient-service] [           main] org.hibernate.type.BasicTypeRegistry     : Adding type registration integer -> org.hibernate.type.BasicTypeReference@31940704
2026-04-09T12:12:26.706+05:30 DEBUG 23048 --- [patient-service] [           main] org.hibernate.type.BasicTypeRegistry     : Adding type registration int -> org.hibernate.type.BasicTypeReference@31940704
2026-04-09T12:12:26.706+05:30 DEBUG 23048 --- [patient-service] [           main] org.hibernate.type.BasicTypeRegistry     : Adding type registration java.lang.Integer -> org.hibernate.type.BasicTypeReference@31940704
2026-04-09T12:12:26.706+05:30 DEBUG 23048 --- [patient-service] [           main] org.hibernate.type.BasicTypeRegistry     : Adding type registration long -> org.hibernate.type.BasicTypeReference@e07b4db
2026-04-09T12:12:26.706+05:30 DEBUG 23048 --- [patient-service] [           main] org.hibernate.type.BasicTypeRegistry     : Adding type registration long -> org.hibernate.type.BasicTypeReference@e07b4db
2026-04-09T12:12:26.706+05:30 DEBUG 23048 --- [patient-service] [           main] org.hibernate.type.BasicTypeRegistry     : Adding type registration java.lang.Long -> org.hibernate.type.BasicTypeReference@e07b4db
2026-04-09T12:12:26.706+05:30 DEBUG 23048 --- [patient-service] [           main] org.hibernate.type.BasicTypeRegistry     : Adding type registration float -> org.hibernate.type.BasicTypeReference@76b305e1
2026-04-09T12:12:26.708+05:30 DEBUG 23048 --- [patient-service] [           main] org.hibernate.type.BasicTypeRegistry     : Adding type registration float -> org.hibernate.type.BasicTypeReference@76b305e1
2026-04-09T12:12:26.708+05:30 DEBUG 23048 --- [patient-service] [           main] org.hibernate.type.BasicTypeRegistry     : Adding type registration java.lang.Float -> org.hibernate.type.BasicTypeReference@76b305e1
2026-04-09T12:12:26.708+05:30 DEBUG 23048 --- [patient-service] [           main] org.hibernate.type.BasicTypeRegistry     : Adding type registration double -> org.hibernate.type.BasicTypeReference@6be766d1
2026-04-09T12:12:26.708+05:30 DEBUG 23048 --- [patient-service] [           main] org.hibernate.type.BasicTypeRegistry     : Adding type registration double -> org.hibernate.type.BasicTypeReference@6be766d1
2026-04-09T12:12:26.708+05:30 DEBUG 23048 --- [patient-service] [           main] org.hibernate.type.BasicTypeRegistry     : Adding type registration java.lang.Double -> org.hibernate.type.BasicTypeReference@6be766d1
2026-04-09T12:12:26.708+05:30 DEBUG 23048 --- [patient-service] [           main] org.hibernate.type.BasicTypeRegistry     : Adding type registration big_integer -> org.hibernate.type.BasicTypeReference@7adae08e
2026-04-09T12:12:26.708+05:30 DEBUG 23048 --- [patient-service] [           main] org.hibernate.type.BasicTypeRegistry     : Adding type registration java.math.BigInteger -> org.hibernate.type.BasicTypeReference@7adae08e
2026-04-09T12:12:26.708+05:30 DEBUG 23048 --- [patient-service] [           main] org.hibernate.type.BasicTypeRegistry     : Adding type registration big_decimal -> org.hibernate.type.BasicTypeReference@49c83262
2026-04-09T12:12:26.708+05:30 DEBUG 23048 --- [patient-service] [           main] org.hibernate.type.BasicTypeRegistry     : Adding type registration java.math.BigDecimal -> org.hibernate.type.BasicTypeReference@49c83262
2026-04-09T12:12:26.708+05:30 DEBUG 23048 --- [patient-service] [           main] org.hibernate.type.BasicTypeRegistry     : Adding type registration character -> org.hibernate.type.BasicTypeReference@273aaab7
2026-04-09T12:12:26.708+05:30 DEBUG 23048 --- [patient-service] [           main] org.hibernate.type.BasicTypeRegistry     : Adding type registration char -> org.hibernate.type.BasicTypeReference@273aaab7
2026-04-09T12:12:26.708+05:30 DEBUG 23048 --- [patient-service] [           main] org.hibernate.type.BasicTypeRegistry     : Adding type registration java.lang.Character -> org.hibernate.type.BasicTypeReference@273aaab7
2026-04-09T12:12:26.708+05:30 DEBUG 23048 --- [patient-service] [           main] org.hibernate.type.BasicTypeRegistry     : Adding type registration character_nchar -> org.hibernate.type.BasicTypeReference@77bb916f
2026-04-09T12:12:26.708+05:30 DEBUG 23048 --- [patient-service] [           main] org.hibernate.type.BasicTypeRegistry     : Adding type registration string -> org.hibernate.type.BasicTypeReference@5a48d186
2026-04-09T12:12:26.710+05:30 DEBUG 23048 --- [patient-service] [           main] org.hibernate.type.BasicTypeRegistry     : Adding type registration java.lang.String -> org.hibernate.type.BasicTypeReference@5a48d186
2026-04-09T12:12:26.710+05:30 DEBUG 23048 --- [patient-service] [           main] org.hibernate.type.BasicTypeRegistry     : Adding type registration nstring -> org.hibernate.type.BasicTypeReference@521ba38f
2026-04-09T12:12:26.710+05:30 DEBUG 23048 --- [patient-service] [           main] org.hibernate.type.BasicTypeRegistry     : Adding type registration characters -> org.hibernate.type.BasicTypeReference@2086d469
2026-04-09T12:12:26.710+05:30 DEBUG 23048 --- [patient-service] [           main] org.hibernate.type.BasicTypeRegistry     : Adding type registration char[] -> org.hibernate.type.BasicTypeReference@2086d469
2026-04-09T12:12:26.710+05:30 DEBUG 23048 --- [patient-service] [           main] org.hibernate.type.BasicTypeRegistry     : Adding type registration [C -> org.hibernate.type.BasicTypeReference@2086d469
2026-04-09T12:12:26.710+05:30 DEBUG 23048 --- [patient-service] [           main] org.hibernate.type.BasicTypeRegistry     : Adding type registration wrapper-characters -> org.hibernate.type.BasicTypeReference@b1d19ff
2026-04-09T12:12:26.710+05:30 DEBUG 23048 --- [patient-service] [           main] org.hibernate.type.BasicTypeRegistry     : Adding type registration text -> org.hibernate.type.BasicTypeReference@17c53dfb
2026-04-09T12:12:26.710+05:30 DEBUG 23048 --- [patient-service] [           main] org.hibernate.type.BasicTypeRegistry     : Adding type registration ntext -> org.hibernate.type.BasicTypeReference@184de357
2026-04-09T12:12:26.710+05:30 DEBUG 23048 --- [patient-service] [           main] org.hibernate.type.BasicTypeRegistry     : Adding type registration clob -> org.hibernate.type.BasicTypeReference@efe49ab
2026-04-09T12:12:26.710+05:30 DEBUG 23048 --- [patient-service] [           main] org.hibernate.type.BasicTypeRegistry     : Adding type registration java.sql.Clob -> org.hibernate.type.BasicTypeReference@efe49ab
2026-04-09T12:12:26.710+05:30 DEBUG 23048 --- [patient-service] [           main] org.hibernate.type.BasicTypeRegistry     : Adding type registration nclob -> org.hibernate.type.BasicTypeReference@6dcf7b6a
2026-04-09T12:12:26.710+05:30 DEBUG 23048 --- [patient-service] [           main] org.hibernate.type.BasicTypeRegistry     : Adding type registration java.sql.NClob -> org.hibernate.type.BasicTypeReference@6dcf7b6a
2026-04-09T12:12:26.710+05:30 DEBUG 23048 --- [patient-service] [           main] org.hibernate.type.BasicTypeRegistry     : Adding type registration materialized_clob -> org.hibernate.type.BasicTypeReference@53dba9cd
2026-04-09T12:12:26.712+05:30 DEBUG 23048 --- [patient-service] [           main] org.hibernate.type.BasicTypeRegistry     : Adding type registration materialized_clob_char_array -> org.hibernate.type.BasicTypeReference@247bbfba
2026-04-09T12:12:26.712+05:30 DEBUG 23048 --- [patient-service] [           main] org.hibernate.type.BasicTypeRegistry     : Adding type registration materialized_clob_character_array -> org.hibernate.type.BasicTypeReference@5834198f
2026-04-09T12:12:26.712+05:30 DEBUG 23048 --- [patient-service] [           main] org.hibernate.type.BasicTypeRegistry     : Adding type registration materialized_nclob -> org.hibernate.type.BasicTypeReference@4eb63dc8
2026-04-09T12:12:26.712+05:30 DEBUG 23048 --- [patient-service] [           main] org.hibernate.type.BasicTypeRegistry     : Adding type registration materialized_nclob_character_array -> org.hibernate.type.BasicTypeReference@402d6012
2026-04-09T12:12:26.712+05:30 DEBUG 23048 --- [patient-service] [           main] org.hibernate.type.BasicTypeRegistry     : Adding type registration materialized_nclob_char_array -> org.hibernate.type.BasicTypeReference@395281c2
2026-04-09T12:12:26.712+05:30 DEBUG 23048 --- [patient-service] [           main] org.hibernate.type.BasicTypeRegistry     : Adding type registration Duration -> org.hibernate.type.BasicTypeReference@41d20f06
2026-04-09T12:12:26.712+05:30 DEBUG 23048 --- [patient-service] [           main] org.hibernate.type.BasicTypeRegistry     : Adding type registration java.time.Duration -> org.hibernate.type.BasicTypeReference@41d20f06
2026-04-09T12:12:26.712+05:30 DEBUG 23048 --- [patient-service] [           main] org.hibernate.type.BasicTypeRegistry     : Adding type registration LocalDateTime -> org.hibernate.type.BasicTypeReference@3e753289
2026-04-09T12:12:26.712+05:30 DEBUG 23048 --- [patient-service] [           main] org.hibernate.type.BasicTypeRegistry     : Adding type registration java.time.LocalDateTime -> org.hibernate.type.BasicTypeReference@3e753289
2026-04-09T12:12:26.712+05:30 DEBUG 23048 --- [patient-service] [           main] org.hibernate.type.BasicTypeRegistry     : Adding type registration LocalDate -> org.hibernate.type.BasicTypeReference@1573e8a5
2026-04-09T12:12:26.712+05:30 DEBUG 23048 --- [patient-service] [           main] org.hibernate.type.BasicTypeRegistry     : Adding type registration java.time.LocalDate -> org.hibernate.type.BasicTypeReference@1573e8a5
2026-04-09T12:12:26.712+05:30 DEBUG 23048 --- [patient-service] [           main] org.hibernate.type.BasicTypeRegistry     : Adding type registration LocalTime -> org.hibernate.type.BasicTypeReference@38022758
2026-04-09T12:12:26.712+05:30 DEBUG 23048 --- [patient-service] [           main] org.hibernate.type.BasicTypeRegistry     : Adding type registration java.time.LocalTime -> org.hibernate.type.BasicTypeReference@38022758
2026-04-09T12:12:26.712+05:30 DEBUG 23048 --- [patient-service] [           main] org.hibernate.type.BasicTypeRegistry     : Adding type registration OffsetDateTime -> org.hibernate.type.BasicTypeReference@69f9b561
2026-04-09T12:12:26.712+05:30 DEBUG 23048 --- [patient-service] [           main] org.hibernate.type.BasicTypeRegistry     : Adding type registration java.time.OffsetDateTime -> org.hibernate.type.BasicTypeReference@69f9b561
2026-04-09T12:12:26.712+05:30 DEBUG 23048 --- [patient-service] [           main] org.hibernate.type.BasicTypeRegistry     : Adding type registration OffsetDateTimeWithTimezone -> org.hibernate.type.BasicTypeReference@7e8f23ad
2026-04-09T12:12:26.712+05:30 DEBUG 23048 --- [patient-service] [           main] org.hibernate.type.BasicTypeRegistry     : Adding type registration OffsetDateTimeWithoutTimezone -> org.hibernate.type.BasicTypeReference@7433ca19
2026-04-09T12:12:26.712+05:30 DEBUG 23048 --- [patient-service] [           main] org.hibernate.type.BasicTypeRegistry     : Adding type registration OffsetTime -> org.hibernate.type.BasicTypeReference@5d221b20
2026-04-09T12:12:26.712+05:30 DEBUG 23048 --- [patient-service] [           main] org.hibernate.type.BasicTypeRegistry     : Adding type registration java.time.OffsetTime -> org.hibernate.type.BasicTypeReference@5d221b20
2026-04-09T12:12:26.712+05:30 DEBUG 23048 --- [patient-service] [           main] org.hibernate.type.BasicTypeRegistry     : Adding type registration OffsetTimeUtc -> org.hibernate.type.BasicTypeReference@79d4ff58
2026-04-09T12:12:26.716+05:30 DEBUG 23048 --- [patient-service] [           main] org.hibernate.type.BasicTypeRegistry     : Adding type registration OffsetTimeWithTimezone -> org.hibernate.type.BasicTypeReference@7ec13984
2026-04-09T12:12:26.716+05:30 DEBUG 23048 --- [patient-service] [           main] org.hibernate.type.BasicTypeRegistry     : Adding type registration OffsetTimeWithoutTimezone -> org.hibernate.type.BasicTypeReference@14485747
2026-04-09T12:12:26.716+05:30 DEBUG 23048 --- [patient-service] [           main] org.hibernate.type.BasicTypeRegistry     : Adding type registration ZonedDateTime -> org.hibernate.type.BasicTypeReference@59fea5f5
2026-04-09T12:12:26.716+05:30 DEBUG 23048 --- [patient-service] [           main] org.hibernate.type.BasicTypeRegistry     : Adding type registration java.time.ZonedDateTime -> org.hibernate.type.BasicTypeReference@59fea5f5
2026-04-09T12:12:26.717+05:30 DEBUG 23048 --- [patient-service] [           main] org.hibernate.type.BasicTypeRegistry     : Adding type registration ZonedDateTimeWithTimezone -> org.hibernate.type.BasicTypeReference@78eafad
2026-04-09T12:12:26.717+05:30 DEBUG 23048 --- [patient-service] [           main] org.hibernate.type.BasicTypeRegistry     : Adding type registration ZonedDateTimeWithoutTimezone -> org.hibernate.type.BasicTypeReference@70f4abc1
2026-04-09T12:12:26.717+05:30 DEBUG 23048 --- [patient-service] [           main] org.hibernate.type.BasicTypeRegistry     : Adding type registration date -> org.hibernate.type.BasicTypeReference@26d028f7
2026-04-09T12:12:26.718+05:30 DEBUG 23048 --- [patient-service] [           main] org.hibernate.type.BasicTypeRegistry     : Adding type registration java.sql.Date -> org.hibernate.type.BasicTypeReference@26d028f7
2026-04-09T12:12:26.718+05:30 DEBUG 23048 --- [patient-service] [           main] org.hibernate.type.BasicTypeRegistry     : Adding type registration time -> org.hibernate.type.BasicTypeReference@a2df0d5
2026-04-09T12:12:26.718+05:30 DEBUG 23048 --- [patient-service] [           main] org.hibernate.type.BasicTypeRegistry     : Adding type registration java.sql.Time -> org.hibernate.type.BasicTypeReference@a2df0d5
2026-04-09T12:12:26.718+05:30 DEBUG 23048 --- [patient-service] [           main] org.hibernate.type.BasicTypeRegistry     : Adding type registration timestamp -> org.hibernate.type.BasicTypeReference@782cc5fa
2026-04-09T12:12:26.718+05:30 DEBUG 23048 --- [patient-service] [           main] org.hibernate.type.BasicTypeRegistry     : Adding type registration java.sql.Timestamp -> org.hibernate.type.BasicTypeReference@782cc5fa
2026-04-09T12:12:26.718+05:30 DEBUG 23048 --- [patient-service] [           main] org.hibernate.type.BasicTypeRegistry     : Adding type registration java.util.Date -> org.hibernate.type.BasicTypeReference@782cc5fa
2026-04-09T12:12:26.718+05:30 DEBUG 23048 --- [patient-service] [           main] org.hibernate.type.BasicTypeRegistry     : Adding type registration calendar -> org.hibernate.type.BasicTypeReference@2dd3d39d
2026-04-09T12:12:26.718+05:30 DEBUG 23048 --- [patient-service] [           main] org.hibernate.type.BasicTypeRegistry     : Adding type registration java.util.Calendar -> org.hibernate.type.BasicTypeReference@2dd3d39d
2026-04-09T12:12:26.718+05:30 DEBUG 23048 --- [patient-service] [           main] org.hibernate.type.BasicTypeRegistry     : Adding type registration java.util.GregorianCalendar -> org.hibernate.type.BasicTypeReference@2dd3d39d
2026-04-09T12:12:26.718+05:30 DEBUG 23048 --- [patient-service] [           main] org.hibernate.type.BasicTypeRegistry     : Adding type registration calendar_date -> org.hibernate.type.BasicTypeReference@ae3c140
2026-04-09T12:12:26.718+05:30 DEBUG 23048 --- [patient-service] [           main] org.hibernate.type.BasicTypeRegistry     : Adding type registration calendar_time -> org.hibernate.type.BasicTypeReference@6f2d3391
2026-04-09T12:12:26.718+05:30 DEBUG 23048 --- [patient-service] [           main] org.hibernate.type.BasicTypeRegistry     : Adding type registration instant -> org.hibernate.type.BasicTypeReference@71b0289b
2026-04-09T12:12:26.720+05:30 DEBUG 23048 --- [patient-service] [           main] org.hibernate.type.BasicTypeRegistry     : Adding type registration java.time.Instant -> org.hibernate.type.BasicTypeReference@71b0289b
2026-04-09T12:12:26.720+05:30 DEBUG 23048 --- [patient-service] [           main] org.hibernate.type.BasicTypeRegistry     : Adding type registration uuid -> org.hibernate.type.BasicTypeReference@42cc420b
2026-04-09T12:12:26.720+05:30 DEBUG 23048 --- [patient-service] [           main] org.hibernate.type.BasicTypeRegistry     : Adding type registration java.util.UUID -> org.hibernate.type.BasicTypeReference@42cc420b
2026-04-09T12:12:26.720+05:30 DEBUG 23048 --- [patient-service] [           main] org.hibernate.type.BasicTypeRegistry     : Adding type registration pg-uuid -> org.hibernate.type.BasicTypeReference@42cc420b
2026-04-09T12:12:26.720+05:30 DEBUG 23048 --- [patient-service] [           main] org.hibernate.type.BasicTypeRegistry     : Adding type registration uuid-binary -> org.hibernate.type.BasicTypeReference@563172d3
2026-04-09T12:12:26.720+05:30 DEBUG 23048 --- [patient-service] [           main] org.hibernate.type.BasicTypeRegistry     : Adding type registration uuid-char -> org.hibernate.type.BasicTypeReference@5086623f
2026-04-09T12:12:26.720+05:30 DEBUG 23048 --- [patient-service] [           main] org.hibernate.type.BasicTypeRegistry     : Adding type registration class -> org.hibernate.type.BasicTypeReference@20027c44
2026-04-09T12:12:26.720+05:30 DEBUG 23048 --- [patient-service] [           main] org.hibernate.type.BasicTypeRegistry     : Adding type registration java.lang.Class -> org.hibernate.type.BasicTypeReference@20027c44
2026-04-09T12:12:26.720+05:30 DEBUG 23048 --- [patient-service] [           main] org.hibernate.type.BasicTypeRegistry     : Adding type registration currency -> org.hibernate.type.BasicTypeReference@7eae55
2026-04-09T12:12:26.720+05:30 DEBUG 23048 --- [patient-service] [           main] org.hibernate.type.BasicTypeRegistry     : Adding type registration Currency -> org.hibernate.type.BasicTypeReference@7eae55
2026-04-09T12:12:26.720+05:30 DEBUG 23048 --- [patient-service] [           main] org.hibernate.type.BasicTypeRegistry     : Adding type registration java.util.Currency -> org.hibernate.type.BasicTypeReference@7eae55
2026-04-09T12:12:26.720+05:30 DEBUG 23048 --- [patient-service] [           main] org.hibernate.type.BasicTypeRegistry     : Adding type registration locale -> org.hibernate.type.BasicTypeReference@5d84e363
2026-04-09T12:12:26.720+05:30 DEBUG 23048 --- [patient-service] [           main] org.hibernate.type.BasicTypeRegistry     : Adding type registration java.util.Locale -> org.hibernate.type.BasicTypeReference@5d84e363
2026-04-09T12:12:26.720+05:30 DEBUG 23048 --- [patient-service] [           main] org.hibernate.type.BasicTypeRegistry     : Adding type registration serializable -> org.hibernate.type.BasicTypeReference@3ef0e576
2026-04-09T12:12:26.720+05:30 DEBUG 23048 --- [patient-service] [           main] org.hibernate.type.BasicTypeRegistry     : Adding type registration java.io.Serializable -> org.hibernate.type.BasicTypeReference@3ef0e576
2026-04-09T12:12:26.724+05:30 DEBUG 23048 --- [patient-service] [           main] org.hibernate.type.BasicTypeRegistry     : Adding type registration timezone -> org.hibernate.type.BasicTypeReference@da34eb0
2026-04-09T12:12:26.725+05:30 DEBUG 23048 --- [patient-service] [           main] org.hibernate.type.BasicTypeRegistry     : Adding type registration java.util.TimeZone -> org.hibernate.type.BasicTypeReference@da34eb0
2026-04-09T12:12:26.725+05:30 DEBUG 23048 --- [patient-service] [           main] org.hibernate.type.BasicTypeRegistry     : Adding type registration ZoneOffset -> org.hibernate.type.BasicTypeReference@785a4557
2026-04-09T12:12:26.725+05:30 DEBUG 23048 --- [patient-service] [           main] org.hibernate.type.BasicTypeRegistry     : Adding type registration java.time.ZoneOffset -> org.hibernate.type.BasicTypeReference@785a4557
2026-04-09T12:12:26.725+05:30 DEBUG 23048 --- [patient-service] [           main] org.hibernate.type.BasicTypeRegistry     : Adding type registration url -> org.hibernate.type.BasicTypeReference@2bf3ec4
2026-04-09T12:12:26.725+05:30 DEBUG 23048 --- [patient-service] [           main] org.hibernate.type.BasicTypeRegistry     : Adding type registration java.net.URL -> org.hibernate.type.BasicTypeReference@2bf3ec4
2026-04-09T12:12:26.725+05:30 DEBUG 23048 --- [patient-service] [           main] org.hibernate.type.BasicTypeRegistry     : Adding type registration vector -> org.hibernate.type.BasicTypeReference@3b5da0b0
2026-04-09T12:12:26.725+05:30 DEBUG 23048 --- [patient-service] [           main] org.hibernate.type.BasicTypeRegistry     : Adding type registration float_vector -> org.hibernate.type.BasicTypeReference@2c9cafa5
2026-04-09T12:12:26.725+05:30 DEBUG 23048 --- [patient-service] [           main] org.hibernate.type.BasicTypeRegistry     : Adding type registration double_vector -> org.hibernate.type.BasicTypeReference@6c6379c
2026-04-09T12:12:26.725+05:30 DEBUG 23048 --- [patient-service] [           main] org.hibernate.type.BasicTypeRegistry     : Adding type registration byte_vector -> org.hibernate.type.BasicTypeReference@7df4709e
2026-04-09T12:12:26.725+05:30 DEBUG 23048 --- [patient-service] [           main] org.hibernate.type.BasicTypeRegistry     : Adding type registration row_version -> org.hibernate.type.BasicTypeReference@2bfa17b0
2026-04-09T12:12:26.740+05:30 DEBUG 23048 --- [patient-service] [           main] org.hibernate.type.BasicTypeRegistry     : Adding type registration object -> org.hibernate.type.JavaObjectType@10b67f54
2026-04-09T12:12:26.740+05:30 DEBUG 23048 --- [patient-service] [           main] org.hibernate.type.BasicTypeRegistry     : Adding type registration java.lang.Object -> org.hibernate.type.JavaObjectType@10b67f54
2026-04-09T12:12:26.741+05:30 DEBUG 23048 --- [patient-service] [           main] org.hibernate.type.BasicTypeRegistry     : Adding type registration null -> org.hibernate.type.NullType@121ddca4
2026-04-09T12:12:26.743+05:30 DEBUG 23048 --- [patient-service] [           main] org.hibernate.type.BasicTypeRegistry     : Adding type registration imm_date -> org.hibernate.type.BasicTypeReference@297bd171
2026-04-09T12:12:26.743+05:30 DEBUG 23048 --- [patient-service] [           main] org.hibernate.type.BasicTypeRegistry     : Adding type registration imm_time -> org.hibernate.type.BasicTypeReference@118cbded
2026-04-09T12:12:26.743+05:30 DEBUG 23048 --- [patient-service] [           main] org.hibernate.type.BasicTypeRegistry     : Adding type registration imm_timestamp -> org.hibernate.type.BasicTypeReference@4cc26df
2026-04-09T12:12:26.743+05:30 DEBUG 23048 --- [patient-service] [           main] org.hibernate.type.BasicTypeRegistry     : Adding type registration imm_calendar -> org.hibernate.type.BasicTypeReference@7848321e
2026-04-09T12:12:26.743+05:30 DEBUG 23048 --- [patient-service] [           main] org.hibernate.type.BasicTypeRegistry     : Adding type registration imm_calendar_date -> org.hibernate.type.BasicTypeReference@f4f843f
2026-04-09T12:12:26.743+05:30 DEBUG 23048 --- [patient-service] [           main] org.hibernate.type.BasicTypeRegistry     : Adding type registration imm_calendar_time -> org.hibernate.type.BasicTypeReference@7b5833ee
2026-04-09T12:12:26.743+05:30 DEBUG 23048 --- [patient-service] [           main] org.hibernate.type.BasicTypeRegistry     : Adding type registration imm_binary -> org.hibernate.type.BasicTypeReference@1e471884
2026-04-09T12:12:26.743+05:30 DEBUG 23048 --- [patient-service] [           main] org.hibernate.type.BasicTypeRegistry     : Adding type registration imm_serializable -> org.hibernate.type.BasicTypeReference@27261190
2026-04-09T12:12:27.097+05:30  INFO 23048 --- [patient-service] [           main] o.s.o.j.p.SpringPersistenceUnitInfo      : No LoadTimeWeaver setup: ignoring JPA class transformer
2026-04-09T12:12:27.144+05:30  INFO 23048 --- [patient-service] [           main] com.zaxxer.hikari.HikariDataSource       : HikariPool-1 - Starting...
2026-04-09T12:12:27.594+05:30  INFO 23048 --- [patient-service] [           main] com.zaxxer.hikari.pool.HikariPool        : HikariPool-1 - Added connection com.mysql.cj.jdbc.ConnectionImpl@2cacd55e
2026-04-09T12:12:27.597+05:30  INFO 23048 --- [patient-service] [           main] com.zaxxer.hikari.HikariDataSource       : HikariPool-1 - Start completed.
2026-04-09T12:12:27.743+05:30  INFO 23048 --- [patient-service] [           main] org.hibernate.orm.connections.pooling    : HHH10001005: Database info:
	Database JDBC URL [Connecting through datasource 'HikariDataSource (HikariPool-1)']
	Database driver: undefined/unknown
	Database version: 8.0.43
	Autocommit mode: undefined/unknown
	Isolation level: undefined/unknown
	Minimum pool size: undefined/unknown
	Maximum pool size: undefined/unknown
2026-04-09T12:12:27.759+05:30 DEBUG 23048 --- [patient-service] [           main] o.h.t.d.sql.spi.DdlTypeRegistry          : addDescriptor(12, org.hibernate.type.descriptor.sql.internal.CapacityDependentDdlType@2ccecae2) replaced previous registration(org.hibernate.type.descriptor.sql.internal.CapacityDependentDdlType@37ade216)
2026-04-09T12:12:27.759+05:30 DEBUG 23048 --- [patient-service] [           main] o.h.t.d.sql.spi.DdlTypeRegistry          : addDescriptor(-9, org.hibernate.type.descriptor.sql.internal.CapacityDependentDdlType@118e2487) replaced previous registration(org.hibernate.type.descriptor.sql.internal.CapacityDependentDdlType@6032622)
2026-04-09T12:12:27.759+05:30 DEBUG 23048 --- [patient-service] [           main] o.h.t.d.sql.spi.DdlTypeRegistry          : addDescriptor(-3, org.hibernate.type.descriptor.sql.internal.CapacityDependentDdlType@5cc075da) replaced previous registration(org.hibernate.type.descriptor.sql.internal.CapacityDependentDdlType@4258106)
2026-04-09T12:12:27.759+05:30 DEBUG 23048 --- [patient-service] [           main] o.h.t.d.sql.spi.DdlTypeRegistry          : addDescriptor(4003, org.hibernate.type.descriptor.sql.internal.DdlTypeImpl@64ef2719) replaced previous registration(org.hibernate.type.descriptor.sql.internal.DdlTypeImpl@7b423f90)
2026-04-09T12:12:27.759+05:30 DEBUG 23048 --- [patient-service] [           main] o.h.t.d.sql.spi.DdlTypeRegistry          : addDescriptor(4001, org.hibernate.type.descriptor.sql.internal.DdlTypeImpl@24f3fb87) replaced previous registration(org.hibernate.type.descriptor.sql.internal.DdlTypeImpl@c7673ae)
2026-04-09T12:12:27.759+05:30 DEBUG 23048 --- [patient-service] [           main] o.h.t.d.sql.spi.DdlTypeRegistry          : addDescriptor(4002, org.hibernate.type.descriptor.sql.internal.DdlTypeImpl@113c4ad6) replaced previous registration(org.hibernate.type.descriptor.sql.internal.DdlTypeImpl@7be859de)
2026-04-09T12:12:27.759+05:30 DEBUG 23048 --- [patient-service] [           main] o.h.t.d.sql.spi.DdlTypeRegistry          : addDescriptor(2004, org.hibernate.type.descriptor.sql.internal.CapacityDependentDdlType@40fcaae7) replaced previous registration(org.hibernate.type.descriptor.sql.internal.DdlTypeImpl@7fa85a55)
2026-04-09T12:12:27.759+05:30 DEBUG 23048 --- [patient-service] [           main] o.h.t.d.sql.spi.DdlTypeRegistry          : addDescriptor(2005, org.hibernate.type.descriptor.sql.internal.CapacityDependentDdlType@cb1c58c) replaced previous registration(org.hibernate.type.descriptor.sql.internal.DdlTypeImpl@352e4b6d)
2026-04-09T12:12:27.759+05:30 DEBUG 23048 --- [patient-service] [           main] o.h.t.d.sql.spi.DdlTypeRegistry          : addDescriptor(2011, org.hibernate.type.descriptor.sql.internal.CapacityDependentDdlType@10a064bd) replaced previous registration(org.hibernate.type.descriptor.sql.internal.DdlTypeImpl@2de7fe0e)
2026-04-09T12:12:27.764+05:30 DEBUG 23048 --- [patient-service] [           main] o.h.t.d.jdbc.spi.JdbcTypeRegistry        : addDescriptor(NCharTypeDescriptor) replaced previous registration(CharTypeDescriptor)
2026-04-09T12:12:27.764+05:30 DEBUG 23048 --- [patient-service] [           main] o.h.t.d.jdbc.spi.JdbcTypeRegistry        : addDescriptor(NVarcharTypeDescriptor) replaced previous registration(VarcharTypeDescriptor)
2026-04-09T12:12:27.764+05:30 DEBUG 23048 --- [patient-service] [           main] o.h.t.d.jdbc.spi.JdbcTypeRegistry        : addDescriptor(LongNVarcharTypeDescriptor) replaced previous registration(LongVarcharTypeDescriptor)
2026-04-09T12:12:27.764+05:30 DEBUG 23048 --- [patient-service] [           main] o.h.t.d.jdbc.spi.JdbcTypeRegistry        : addDescriptor(NClobTypeDescriptor(DEFAULT)) replaced previous registration(ClobTypeDescriptor(DEFAULT))
2026-04-09T12:12:27.776+05:30 DEBUG 23048 --- [patient-service] [           main] org.hibernate.type.BasicTypeRegistry     : Adding type registration null -> org.hibernate.type.NullType@780a91d0
2026-04-09T12:12:27.776+05:30 DEBUG 23048 --- [patient-service] [           main] org.hibernate.type.BasicTypeRegistry     : Type registration key [null] overrode previous entry : `org.hibernate.type.NullType@121ddca4`
2026-04-09T12:12:27.784+05:30 DEBUG 23048 --- [patient-service] [           main] org.hibernate.type.BasicTypeRegistry     : Adding type registration org.hibernate.type.DurationType -> basicType@1(java.time.Duration,3015)
2026-04-09T12:12:27.784+05:30 DEBUG 23048 --- [patient-service] [           main] org.hibernate.type.BasicTypeRegistry     : Adding type registration Duration -> basicType@1(java.time.Duration,3015)
2026-04-09T12:12:27.784+05:30 DEBUG 23048 --- [patient-service] [           main] org.hibernate.type.BasicTypeRegistry     : Adding type registration java.time.Duration -> basicType@1(java.time.Duration,3015)
2026-04-09T12:12:27.796+05:30 DEBUG 23048 --- [patient-service] [           main] org.hibernate.type.BasicTypeRegistry     : Adding type registration org.hibernate.type.OffsetDateTimeType -> basicType@2(java.time.OffsetDateTime,3003)
2026-04-09T12:12:27.796+05:30 DEBUG 23048 --- [patient-service] [           main] org.hibernate.type.BasicTypeRegistry     : Adding type registration OffsetDateTime -> basicType@2(java.time.OffsetDateTime,3003)
2026-04-09T12:12:27.796+05:30 DEBUG 23048 --- [patient-service] [           main] org.hibernate.type.BasicTypeRegistry     : Adding type registration java.time.OffsetDateTime -> basicType@2(java.time.OffsetDateTime,3003)
2026-04-09T12:12:27.796+05:30 DEBUG 23048 --- [patient-service] [           main] org.hibernate.type.BasicTypeRegistry     : Adding type registration org.hibernate.type.ZonedDateTimeType -> basicType@3(java.time.ZonedDateTime,3003)
2026-04-09T12:12:27.796+05:30 DEBUG 23048 --- [patient-service] [           main] org.hibernate.type.BasicTypeRegistry     : Adding type registration ZonedDateTime -> basicType@3(java.time.ZonedDateTime,3003)
2026-04-09T12:12:27.796+05:30 DEBUG 23048 --- [patient-service] [           main] org.hibernate.type.BasicTypeRegistry     : Adding type registration java.time.ZonedDateTime -> basicType@3(java.time.ZonedDateTime,3003)
2026-04-09T12:12:27.799+05:30 DEBUG 23048 --- [patient-service] [           main] org.hibernate.type.BasicTypeRegistry     : Adding type registration org.hibernate.type.OffsetTimeType -> basicType@4(java.time.OffsetTime,3007)
2026-04-09T12:12:27.799+05:30 DEBUG 23048 --- [patient-service] [           main] org.hibernate.type.BasicTypeRegistry     : Adding type registration OffsetTime -> basicType@4(java.time.OffsetTime,3007)
2026-04-09T12:12:27.799+05:30 DEBUG 23048 --- [patient-service] [           main] org.hibernate.type.BasicTypeRegistry     : Adding type registration java.time.OffsetTime -> basicType@4(java.time.OffsetTime,3007)
2026-04-09T12:12:27.801+05:30 DEBUG 23048 --- [patient-service] [           main] o.h.type.spi.TypeConfiguration$Scope     : Scoping TypeConfiguration [org.hibernate.type.spi.TypeConfiguration@70e5737f] to MetadataBuildingContext [org.hibernate.boot.internal.MetadataBuildingContextRootImpl@9746157]
2026-04-09T12:12:28.869+05:30  INFO 23048 --- [patient-service] [           main] o.h.e.t.j.p.i.JtaPlatformInitiator       : HHH000489: No JTA platform available (set 'hibernate.transaction.jta.platform' to enable JTA platform integration)
2026-04-09T12:12:28.869+05:30 DEBUG 23048 --- [patient-service] [           main] o.h.type.spi.TypeConfiguration$Scope     : Scoping TypeConfiguration [org.hibernate.type.spi.TypeConfiguration@70e5737f] to SessionFactoryImplementor [org.hibernate.internal.SessionFactoryImpl@1e987f59]
2026-04-09T12:12:28.945+05:30 TRACE 23048 --- [patient-service] [           main] o.h.type.spi.TypeConfiguration$Scope     : Handling #sessionFactoryCreated from [org.hibernate.internal.SessionFactoryImpl@1e987f59] for TypeConfiguration
2026-04-09T12:12:28.945+05:30  INFO 23048 --- [patient-service] [           main] j.LocalContainerEntityManagerFactoryBean : Initialized JPA EntityManagerFactory for persistence unit 'default'
2026-04-09T12:12:29.881+05:30  WARN 23048 --- [patient-service] [           main] JpaBaseConfiguration$JpaWebConfiguration : spring.jpa.open-in-view is enabled by default. Therefore, database queries may be performed during view rendering. Explicitly configure spring.jpa.open-in-view to disable this warning
2026-04-09T12:12:31.522+05:30  INFO 23048 --- [patient-service] [           main] DiscoveryClientOptionalArgsConfiguration : Eureka HTTP Client uses RestTemplate.
2026-04-09T12:12:31.576+05:30  WARN 23048 --- [patient-service] [           main] iguration$LoadBalancerCaffeineWarnLogger : Spring Cloud LoadBalancer is currently working with the default cache. While this cache implementation is useful for development and tests, it's recommended to use Caffeine cache in production.You can switch to using Caffeine cache, by adding it and org.springframework.cache.caffeine.CaffeineCacheManager to the classpath.
2026-04-09T12:12:31.619+05:30  INFO 23048 --- [patient-service] [           main] c.h.m.p.PatientApplicationTests          : Started PatientApplicationTests in 9.91 seconds (process running for 12.168)
]]></system-out>
    <system-err><![CDATA[Mockito is currently self-attaching to enable the inline-mock-maker. This will no longer work in future releases of the JDK. Please add Mockito as an agent to your build what is described in Mockito's documentation: https://javadoc.io/doc/org.mockito/mockito-core/latest/org/mockito/Mockito.html#0.3
WARNING: A Java agent has been loaded dynamically (C:\Users\2486145\.m2\repository\net\bytebuddy\byte-buddy-agent\1.15.10\byte-buddy-agent-1.15.10.jar)
WARNING: If a serviceability tool is in use, please run with -XX:+EnableDynamicAgentLoading to hide this warning
WARNING: If a serviceability tool is not in use, please run with -Djdk.instrument.traceUsage for more information
WARNING: Dynamic loading of agents will be disallowed by default in a future release
]]></system-err>
  </testcase>
</testsuite>